# JRE version: OpenJDK Runtime Environment (8.0_152-b01) (build 1.8.0_152-release-915-b01)
# Java VM: OpenJDK Server VM (25.152-b01 mixed mode windows-x86 )
Heap:
 PSYoungGen      total 177664K, used 171356K [0x51800000, 0x5d700000, 0x71800000)
  eden space 163840K, 97% used [0x51800000,0x5b440bb0,0x5b800000)
  from space 13824K, 82% used [0x5c680000,0x5d1966f8,0x5d400000)
  to   space 14848K, 0% used [0x5b800000,0x5b800000,0x5c680000)
 ParOldGen       total 47104K, used 19192K [0x11800000, 0x14600000, 0x51800000)
  object space 47104K, 40% used [0x11800000,0x12abe2c0,0x14600000)
 Metaspace       used 36406K, capacity 37326K, committed 37376K, reserved 38272K
GC Heap History (10 events):
Event: 12.664 GC heap before
{Heap before GC invocations=8 (full 1):
 PSYoungGen      total 72448K, used 59648K [0x51800000, 0x5a380000, 0x71800000)
  eden space 59648K, 100% used [0x51800000,0x55240000,0x55240000)
  from space 12800K, 0% used [0x55e40000,0x55e40000,0x56ac0000)
  to   space 12288K, 0% used [0x55240000,0x55240000,0x55e40000)
 ParOldGen       total 40192K, used 13864K [0x11800000, 0x13f40000, 0x51800000)
  object space 40192K, 34% used [0x11800000,0x1258a1a0,0x13f40000)
 Metaspace       used 18590K, capacity 18872K, committed 18944K, reserved 19840K
Event: 12.674 GC heap after
Heap after GC invocations=8 (full 1):
 PSYoungGen      total 71936K, used 4412K [0x51800000, 0x59c40000, 0x71800000)
  eden space 59648K, 0% used [0x51800000,0x51800000,0x55240000)
  from space 12288K, 35% used [0x55240000,0x5568f2d8,0x55e40000)
  to   space 11520K, 0% used [0x59100000,0x59100000,0x59c40000)
 ParOldGen       total 40192K, used 13868K [0x11800000, 0x13f40000, 0x51800000)
  object space 40192K, 34% used [0x11800000,0x1258b1a0,0x13f40000)
 Metaspace       used 18590K, capacity 18872K, committed 18944K, reserved 19840K
}
Event: 14.772 GC heap before
{Heap before GC invocations=9 (full 1):
 PSYoungGen      total 71936K, used 64060K [0x51800000, 0x59c40000, 0x71800000)
  eden space 59648K, 100% used [0x51800000,0x55240000,0x55240000)
  from space 12288K, 35% used [0x55240000,0x5568f2d8,0x55e40000)
  to   space 11520K, 0% used [0x59100000,0x59100000,0x59c40000)
 ParOldGen       total 40192K, used 13868K [0x11800000, 0x13f40000, 0x51800000)
  object space 40192K, 34% used [0x11800000,0x1258b1a0,0x13f40000)
 Metaspace       used 21182K, capacity 21572K, committed 21632K, reserved 21888K
Event: 14.804 GC heap after
Heap after GC invocations=9 (full 1):
 PSYoungGen      total 120832K, used 7513K [0x51800000, 0x59b00000, 0x71800000)
  eden space 110592K, 0% used [0x51800000,0x51800000,0x58400000)
  from space 10240K, 73% used [0x59100000,0x59856590,0x59b00000)
  to   space 11776K, 0% used [0x58400000,0x58400000,0x58f80000)
 ParOldGen       total 40192K, used 13872K [0x11800000, 0x13f40000, 0x51800000)
  object space 40192K, 34% used [0x11800000,0x1258c1a0,0x13f40000)
 Metaspace       used 21182K, capacity 21572K, committed 21632K, reserved 21888K
}
Event: 29.191 GC heap before
{Heap before GC invocations=10 (full 1):
 PSYoungGen      total 120832K, used 109832K [0x51800000, 0x59b00000, 0x71800000)
  eden space 110592K, 92% used [0x51800000,0x57bebd58,0x58400000)
  from space 10240K, 73% used [0x59100000,0x59856590,0x59b00000)
  to   space 11776K, 0% used [0x58400000,0x58400000,0x58f80000)
 ParOldGen       total 40192K, used 13872K [0x11800000, 0x13f40000, 0x51800000)
  object space 40192K, 34% used [0x11800000,0x1258c1a0,0x13f40000)
 Metaspace       used 26719K, capacity 27278K, committed 27308K, reserved 28032K
Event: 29.220 GC heap after
Heap after GC invocations=10 (full 1):
 PSYoungGen      total 122368K, used 11768K [0x51800000, 0x5d400000, 0x71800000)
  eden space 110592K, 0% used [0x51800000,0x51800000,0x58400000)
  from space 11776K, 99% used [0x58400000,0x58f7e240,0x58f80000)
  to   space 13824K, 0% used [0x5c680000,0x5c680000,0x5d400000)
 ParOldGen       total 40192K, used 14370K [0x11800000, 0x13f40000, 0x51800000)
  object space 40192K, 35% used [0x11800000,0x12608bc0,0x13f40000)
 Metaspace       used 26719K, capacity 27278K, committed 27308K, reserved 28032K
}
Event: 29.220 GC heap before
{Heap before GC invocations=11 (full 2):
 PSYoungGen      total 122368K, used 11768K [0x51800000, 0x5d400000, 0x71800000)
  eden space 110592K, 0% used [0x51800000,0x51800000,0x58400000)
  from space 11776K, 99% used [0x58400000,0x58f7e240,0x58f80000)
  to   space 13824K, 0% used [0x5c680000,0x5c680000,0x5d400000)
 ParOldGen       total 40192K, used 14370K [0x11800000, 0x13f40000, 0x51800000)
  object space 40192K, 35% used [0x11800000,0x12608bc0,0x13f40000)
 Metaspace       used 26719K, capacity 27278K, committed 27308K, reserved 28032K
Event: 29.353 GC heap after
Heap after GC invocations=11 (full 2):
 PSYoungGen      total 122368K, used 0K [0x51800000, 0x5d400000, 0x71800000)
  eden space 110592K, 0% used [0x51800000,0x51800000,0x58400000)
  from space 11776K, 0% used [0x58400000,0x58400000,0x58f80000)
  to   space 13824K, 0% used [0x5c680000,0x5c680000,0x5d400000)
 ParOldGen       total 47104K, used 19188K [0x11800000, 0x14600000, 0x51800000)
  object space 47104K, 40% used [0x11800000,0x12abd2c0,0x14600000)
 Metaspace       used 26687K, capacity 27230K, committed 27308K, reserved 28032K
}
Event: 32.401 GC heap before
{Heap before GC invocations=12 (full 2):
 PSYoungGen      total 122368K, used 110592K [0x51800000, 0x5d400000, 0x71800000)
  eden space 110592K, 100% used [0x51800000,0x58400000,0x58400000)
  from space 11776K, 0% used [0x58400000,0x58400000,0x58f80000)
  to   space 13824K, 0% used [0x5c680000,0x5c680000,0x5d400000)
 ParOldGen       total 47104K, used 19188K [0x11800000, 0x14600000, 0x51800000)
  object space 47104K, 40% used [0x11800000,0x12abd2c0,0x14600000)
 Metaspace       used 32890K, capacity 33529K, committed 33664K, reserved 34176K
Event: 32.436 GC heap after
Heap after GC invocations=12 (full 2):
 PSYoungGen      total 177664K, used 11353K [0x51800000, 0x5d700000, 0x71800000)
  eden space 163840K, 0% used [0x51800000,0x51800000,0x5b800000)
  from space 13824K, 82% used [0x5c680000,0x5d1966f8,0x5d400000)
  to   space 14848K, 0% used [0x5b800000,0x5b800000,0x5c680000)
 ParOldGen       total 47104K, used 19192K [0x11800000, 0x14600000, 0x51800000)
  object space 47104K, 40% used [0x11800000,0x12abe2c0,0x14600000)
 Metaspace       used 32890K, capacity 33529K, committed 33664K, reserved 34176K
}

