# JRE version: OpenJDK Runtime Environment (8.0_152-b01) (build 1.8.0_152-release-915-b01)
# Java VM: OpenJDK Server VM (25.152-b01 mixed mode windows-x86 )
Heap:
 PSYoungGen      total 99072K, used 49976K [0x51600000, 0x57e00000, 0x71600000)
  eden space 92672K, 53% used [0x51600000,0x546ce120,0x57080000)
  from space 6400K, 0% used [0x576c0000,0x576c0000,0x57d00000)
  to   space 6400K, 0% used [0x57080000,0x57080000,0x576c0000)
 ParOldGen       total 48640K, used 17245K [0x11600000, 0x14580000, 0x51600000)
  object space 48640K, 35% used [0x11600000,0x126d77e8,0x14580000)
 Metaspace       used 28578K, capacity 29193K, committed 29312K, reserved 30080K
GC Heap History (10 events):
Event: 20.031 GC heap before
{Heap before GC invocations=12 (full 1):
 PSYoungGen      total 51968K, used 46080K [0x51600000, 0x54e80000, 0x71600000)
  eden space 46080K, 100% used [0x51600000,0x54300000,0x54300000)
  from space 5888K, 0% used [0x548c0000,0x548c0000,0x54e80000)
  to   space 5888K, 0% used [0x54300000,0x54300000,0x548c0000)
 ParOldGen       total 30208K, used 8908K [0x11600000, 0x13380000, 0x51600000)
  object space 30208K, 29% used [0x11600000,0x11eb3100,0x13380000)
 Metaspace       used 18522K, capacity 18928K, committed 18944K, reserved 19840K
Event: 20.041 GC heap after
Heap after GC invocations=12 (full 1):
 PSYoungGen      total 51968K, used 5377K [0x51600000, 0x56340000, 0x71600000)
  eden space 46080K, 0% used [0x51600000,0x51600000,0x54300000)
  from space 5888K, 91% used [0x54300000,0x548406e8,0x548c0000)
  to   space 6144K, 0% used [0x55d40000,0x55d40000,0x56340000)
 ParOldGen       total 30208K, used 8912K [0x11600000, 0x13380000, 0x51600000)
  object space 30208K, 29% used [0x11600000,0x11eb4100,0x13380000)
 Metaspace       used 18522K, capacity 18928K, committed 18944K, reserved 19840K
}
Event: 21.864 GC heap before
{Heap before GC invocations=13 (full 1):
 PSYoungGen      total 51968K, used 51457K [0x51600000, 0x56340000, 0x71600000)
  eden space 46080K, 100% used [0x51600000,0x54300000,0x54300000)
  from space 5888K, 91% used [0x54300000,0x548406e8,0x548c0000)
  to   space 6144K, 0% used [0x55d40000,0x55d40000,0x56340000)
 ParOldGen       total 30208K, used 8912K [0x11600000, 0x13380000, 0x51600000)
  object space 30208K, 29% used [0x11600000,0x11eb4100,0x13380000)
 Metaspace       used 20684K, capacity 21090K, committed 21120K, reserved 21888K
Event: 21.876 GC heap after
Heap after GC invocations=13 (full 1):
 PSYoungGen      total 71424K, used 3217K [0x51600000, 0x56280000, 0x71600000)
  eden space 66048K, 0% used [0x51600000,0x51600000,0x55680000)
  from space 5376K, 59% used [0x55d40000,0x560645c0,0x56280000)
  to   space 6144K, 0% used [0x55680000,0x55680000,0x55c80000)
 ParOldGen       total 30208K, used 11197K [0x11600000, 0x13380000, 0x51600000)
  object space 30208K, 37% used [0x11600000,0x120ef550,0x13380000)
 Metaspace       used 20684K, capacity 21090K, committed 21120K, reserved 21888K
}
Event: 32.979 GC heap before
{Heap before GC invocations=14 (full 1):
 PSYoungGen      total 71424K, used 69265K [0x51600000, 0x56280000, 0x71600000)
  eden space 66048K, 100% used [0x51600000,0x55680000,0x55680000)
  from space 5376K, 59% used [0x55d40000,0x560645c0,0x56280000)
  to   space 6144K, 0% used [0x55680000,0x55680000,0x55c80000)
 ParOldGen       total 30208K, used 11197K [0x11600000, 0x13380000, 0x51600000)
  object space 30208K, 37% used [0x11600000,0x120ef550,0x13380000)
 Metaspace       used 24463K, capacity 24955K, committed 24960K, reserved 24960K
Event: 32.998 GC heap after
Heap after GC invocations=14 (full 1):
 PSYoungGen      total 72192K, used 5537K [0x51600000, 0x57d00000, 0x71600000)
  eden space 66048K, 0% used [0x51600000,0x51600000,0x55680000)
  from space 6144K, 90% used [0x55680000,0x55be8588,0x55c80000)
  to   space 6400K, 0% used [0x576c0000,0x576c0000,0x57d00000)
 ParOldGen       total 30208K, used 12746K [0x11600000, 0x13380000, 0x51600000)
  object space 30208K, 42% used [0x11600000,0x12272aa8,0x13380000)
 Metaspace       used 24463K, capacity 24955K, committed 24960K, reserved 24960K
}
Event: 34.530 GC heap before
{Heap before GC invocations=15 (full 1):
 PSYoungGen      total 72192K, used 59785K [0x51600000, 0x57d00000, 0x71600000)
  eden space 66048K, 82% used [0x51600000,0x54afa220,0x55680000)
  from space 6144K, 90% used [0x55680000,0x55be8588,0x55c80000)
  to   space 6400K, 0% used [0x576c0000,0x576c0000,0x57d00000)
 ParOldGen       total 30208K, used 12746K [0x11600000, 0x13380000, 0x51600000)
  object space 30208K, 42% used [0x11600000,0x12272aa8,0x13380000)
 Metaspace       used 26766K, capacity 27287K, committed 27308K, reserved 28032K
Event: 34.550 GC heap after
Heap after GC invocations=15 (full 1):
 PSYoungGen      total 99072K, used 4067K [0x51600000, 0x57e00000, 0x71600000)
  eden space 92672K, 0% used [0x51600000,0x51600000,0x57080000)
  from space 6400K, 63% used [0x576c0000,0x57ab8cd0,0x57d00000)
  to   space 6400K, 0% used [0x57080000,0x57080000,0x576c0000)
 ParOldGen       total 30208K, used 14908K [0x11600000, 0x13380000, 0x51600000)
  object space 30208K, 49% used [0x11600000,0x1248f398,0x13380000)
 Metaspace       used 26766K, capacity 27287K, committed 27308K, reserved 28032K
}
Event: 34.551 GC heap before
{Heap before GC invocations=16 (full 2):
 PSYoungGen      total 99072K, used 4067K [0x51600000, 0x57e00000, 0x71600000)
  eden space 92672K, 0% used [0x51600000,0x51600000,0x57080000)
  from space 6400K, 63% used [0x576c0000,0x57ab8cd0,0x57d00000)
  to   space 6400K, 0% used [0x57080000,0x57080000,0x576c0000)
 ParOldGen       total 30208K, used 14908K [0x11600000, 0x13380000, 0x51600000)
  object space 30208K, 49% used [0x11600000,0x1248f398,0x13380000)
 Metaspace       used 26766K, capacity 27287K, committed 27308K, reserved 28032K
Event: 34.795 GC heap after
Heap after GC invocations=16 (full 2):
 PSYoungGen      total 99072K, used 0K [0x51600000, 0x57e00000, 0x71600000)
  eden space 92672K, 0% used [0x51600000,0x51600000,0x57080000)
  from space 6400K, 0% used [0x576c0000,0x576c0000,0x57d00000)
  to   space 6400K, 0% used [0x57080000,0x57080000,0x576c0000)
 ParOldGen       total 48640K, used 17245K [0x11600000, 0x14580000, 0x51600000)
  object space 48640K, 35% used [0x11600000,0x126d77e8,0x14580000)
 Metaspace       used 26766K, capacity 27287K, committed 27308K, reserved 28032K
}

