# JRE version: OpenJDK Runtime Environment (8.0_152-b01) (build 1.8.0_152-release-915-b01)
# Java VM: OpenJDK Server VM (25.152-b01 mixed mode windows-x86 )
Heap:
 PSYoungGen      total 200448K, used 28066K [0x51600000, 0x61a80000, 0x71600000)
  eden space 186112K, 7% used [0x51600000,0x52368bf0,0x5cbc0000)
  from space 14336K, 99% used [0x5cbc0000,0x5d9bfe40,0x5d9c0000)
  to   space 16896K, 0% used [0x60a00000,0x60a00000,0x61a80000)
 ParOldGen       total 61696K, used 21047K [0x11600000, 0x15240000, 0x51600000)
  object space 61696K, 34% used [0x11600000,0x12a8dc40,0x15240000)
 Metaspace       used 33349K, capacity 34207K, committed 34304K, reserved 35200K
GC Heap History (10 events):
Event: 6.149 GC heap before
{Heap before GC invocations=7 (full 1):
 PSYoungGen      total 133120K, used 4094K [0x51600000, 0x5a300000, 0x71600000)
  eden space 122880K, 0% used [0x51600000,0x51600000,0x58e00000)
  from space 10240K, 39% used [0x59900000,0x59cff918,0x5a300000)
  to   space 10752K, 0% used [0x58e00000,0x58e00000,0x59880000)
 ParOldGen       total 40960K, used 14658K [0x11600000, 0x13e00000, 0x51600000)
  object space 40960K, 35% used [0x11600000,0x12450a88,0x13e00000)
 Metaspace       used 16066K, capacity 16357K, committed 16384K, reserved 16768K
Event: 6.239 GC heap after
Heap after GC invocations=7 (full 1):
 PSYoungGen      total 133120K, used 0K [0x51600000, 0x5a300000, 0x71600000)
  eden space 122880K, 0% used [0x51600000,0x51600000,0x58e00000)
  from space 10240K, 0% used [0x59900000,0x59900000,0x5a300000)
  to   space 10752K, 0% used [0x58e00000,0x58e00000,0x59880000)
 ParOldGen       total 45824K, used 15835K [0x11600000, 0x142c0000, 0x51600000)
  object space 45824K, 34% used [0x11600000,0x12576dc0,0x142c0000)
 Metaspace       used 16066K, capacity 16357K, committed 16384K, reserved 16768K
}
Event: 10.470 GC heap before
{Heap before GC invocations=8 (full 1):
 PSYoungGen      total 133120K, used 122880K [0x51600000, 0x5a300000, 0x71600000)
  eden space 122880K, 100% used [0x51600000,0x58e00000,0x58e00000)
  from space 10240K, 0% used [0x59900000,0x59900000,0x5a300000)
  to   space 10752K, 0% used [0x58e00000,0x58e00000,0x59880000)
 ParOldGen       total 45824K, used 15835K [0x11600000, 0x142c0000, 0x51600000)
  object space 45824K, 34% used [0x11600000,0x12576dc0,0x142c0000)
 Metaspace       used 20853K, capacity 21250K, committed 21376K, reserved 21888K
Event: 10.507 GC heap after
Heap after GC invocations=8 (full 1):
 PSYoungGen      total 133632K, used 8941K [0x51600000, 0x5e540000, 0x71600000)
  eden space 122880K, 0% used [0x51600000,0x51600000,0x58e00000)
  from space 10752K, 83% used [0x58e00000,0x596bb460,0x59880000)
  to   space 11776K, 0% used [0x5d9c0000,0x5d9c0000,0x5e540000)
 ParOldGen       total 45824K, used 15839K [0x11600000, 0x142c0000, 0x51600000)
  object space 45824K, 34% used [0x11600000,0x12577dc0,0x142c0000)
 Metaspace       used 20853K, capacity 21250K, committed 21376K, reserved 21888K
}
Event: 13.327 GC heap before
{Heap before GC invocations=9 (full 1):
 PSYoungGen      total 133632K, used 103308K [0x51600000, 0x5e540000, 0x71600000)
  eden space 122880K, 76% used [0x51600000,0x57227cf0,0x58e00000)
  from space 10752K, 83% used [0x58e00000,0x596bb460,0x59880000)
  to   space 11776K, 0% used [0x5d9c0000,0x5d9c0000,0x5e540000)
 ParOldGen       total 45824K, used 15839K [0x11600000, 0x142c0000, 0x51600000)
  object space 45824K, 34% used [0x11600000,0x12577dc0,0x142c0000)
 Metaspace       used 26773K, capacity 27287K, committed 27308K, reserved 28032K
Event: 13.365 GC heap after
Heap after GC invocations=9 (full 1):
 PSYoungGen      total 197888K, used 11764K [0x51600000, 0x5e8c0000, 0x71600000)
  eden space 186112K, 0% used [0x51600000,0x51600000,0x5cbc0000)
  from space 11776K, 99% used [0x5d9c0000,0x5e53d360,0x5e540000)
  to   space 14336K, 0% used [0x5cbc0000,0x5cbc0000,0x5d9c0000)
 ParOldGen       total 45824K, used 17250K [0x11600000, 0x142c0000, 0x51600000)
  object space 45824K, 37% used [0x11600000,0x126d89b0,0x142c0000)
 Metaspace       used 26773K, capacity 27287K, committed 27308K, reserved 28032K
}
Event: 13.365 GC heap before
{Heap before GC invocations=10 (full 2):
 PSYoungGen      total 197888K, used 11764K [0x51600000, 0x5e8c0000, 0x71600000)
  eden space 186112K, 0% used [0x51600000,0x51600000,0x5cbc0000)
  from space 11776K, 99% used [0x5d9c0000,0x5e53d360,0x5e540000)
  to   space 14336K, 0% used [0x5cbc0000,0x5cbc0000,0x5d9c0000)
 ParOldGen       total 45824K, used 17250K [0x11600000, 0x142c0000, 0x51600000)
  object space 45824K, 37% used [0x11600000,0x126d89b0,0x142c0000)
 Metaspace       used 26773K, capacity 27287K, committed 27308K, reserved 28032K
Event: 13.533 GC heap after
Heap after GC invocations=10 (full 2):
 PSYoungGen      total 197888K, used 0K [0x51600000, 0x5e8c0000, 0x71600000)
  eden space 186112K, 0% used [0x51600000,0x51600000,0x5cbc0000)
  from space 11776K, 0% used [0x5d9c0000,0x5d9c0000,0x5e540000)
  to   space 14336K, 0% used [0x5cbc0000,0x5cbc0000,0x5d9c0000)
 ParOldGen       total 61696K, used 20361K [0x11600000, 0x15240000, 0x51600000)
  object space 61696K, 33% used [0x11600000,0x129e2668,0x15240000)
 Metaspace       used 26773K, capacity 27287K, committed 27308K, reserved 28032K
}
Event: 18.180 GC heap before
{Heap before GC invocations=11 (full 2):
 PSYoungGen      total 197888K, used 186112K [0x51600000, 0x5e8c0000, 0x71600000)
  eden space 186112K, 100% used [0x51600000,0x5cbc0000,0x5cbc0000)
  from space 11776K, 0% used [0x5d9c0000,0x5d9c0000,0x5e540000)
  to   space 14336K, 0% used [0x5cbc0000,0x5cbc0000,0x5d9c0000)
 ParOldGen       total 61696K, used 20361K [0x11600000, 0x15240000, 0x51600000)
  object space 61696K, 33% used [0x11600000,0x129e2668,0x15240000)
 Metaspace       used 32916K, capacity 33697K, committed 33792K, reserved 34176K
Event: 18.213 GC heap after
Heap after GC invocations=11 (full 2):
 PSYoungGen      total 200448K, used 14335K [0x51600000, 0x61a80000, 0x71600000)
  eden space 186112K, 0% used [0x51600000,0x51600000,0x5cbc0000)
  from space 14336K, 99% used [0x5cbc0000,0x5d9bfe40,0x5d9c0000)
  to   space 16896K, 0% used [0x60a00000,0x60a00000,0x61a80000)
 ParOldGen       total 61696K, used 21047K [0x11600000, 0x15240000, 0x51600000)
  object space 61696K, 34% used [0x11600000,0x12a8dc40,0x15240000)
 Metaspace       used 32916K, capacity 33697K, committed 33792K, reserved 34176K
}

